{
  "stats": {
    "suites": 1,
    "tests": 4,
    "passes": 2,
    "pending": 0,
    "failures": 2,
    "start": "2019-07-03T23:23:21.885Z",
    "end": "2019-07-03T23:27:47.743Z",
    "duration": 265858,
    "testsRegistered": 4,
    "passPercent": 50,
    "pendingPercent": 0,
    "other": 0,
    "hasOther": false,
    "skipped": 0,
    "hasSkipped": false,
    "passPercentClass": "danger",
    "pendingPercentClass": "danger"
  },
  "suites": {
    "uuid": "ab8d0f62-4bb2-4d6f-a3e2-741a62948382",
    "title": "",
    "fullFile": "",
    "file": "",
    "beforeHooks": [],
    "afterHooks": [],
    "tests": [],
    "suites": [
      {
        "uuid": "417a79b8-c892-46c6-8e39-8e79f8ad59e5",
        "title": "automationtest GIPHY ",
        "fullFile": "",
        "file": "",
        "beforeHooks": [],
        "afterHooks": [],
        "tests": [
          {
            "title": "Search and found favorite",
            "fullTitle": "automationtest GIPHY  Search and found favorite",
            "duration": 74166,
            "state": "passed",
            "speed": "slow",
            "pass": true,
            "fail": false,
            "pending": false,
            "code": "var searchBox = new _SearchFunction.default();\nsearchBox.clickSearchBox();\nsearchBox.writeInSearchBox('canada');\nsearchBox.submitSearch();\nsearchBox.clickFavoritePicture1(); //==============================///////",
            "err": {},
            "isRoot": false,
            "uuid": "df181cdd-dfc0-4acf-9405-0356159b35b4",
            "isHook": false,
            "skipped": false
          },
          {
            "title": "test favorite and setting function",
            "fullTitle": "automationtest GIPHY  test favorite and setting function",
            "duration": 52627,
            "state": "failed",
            "pass": false,
            "fail": true,
            "pending": false,
            "code": "cy.wait(3000);\nvar TestingFavoriteAndSetting = new _FavoriteAndSetting.default(); //home.visit('https://giphy.com/channel/wibrob');    \nTestingFavoriteAndSetting.clickFavorite();\ncy.wait(3000);\nTestingFavoriteAndSetting.cancelFavorite();\nTestingFavoriteAndSetting.clickSetting();\nTestingFavoriteAndSetting.changeChannelfromPublicToPrivate();\nTestingFavoriteAndSetting.changeChannelfromPrivateToPublic(); //TestingFavoriteAndSetting.backToMainPage();",
            "err": {
              "message": "CypressError: Timed out retrying: Expected to find element: '', but never found it.",
              "estack": "CypressError: Timed out retrying: Expected to find element: '', but never found it.\n    at Object.cypressErr (https://giphy.com/__cypress/runner/cypress_runner.js:84573:11)\n    at Object.throwErr (https://giphy.com/__cypress/runner/cypress_runner.js:84538:18)\n    at Object.throwErrByPath (https://giphy.com/__cypress/runner/cypress_runner.js:84565:17)\n    at retry (https://giphy.com/__cypress/runner/cypress_runner.js:77812:16)\n    at https://giphy.com/__cypress/runner/cypress_runner.js:69764:18\n    at tryCatcher (https://giphy.com/__cypress/runner/cypress_runner.js:133768:23)\n    at Promise._settlePromiseFromHandler (https://giphy.com/__cypress/runner/cypress_runner.js:131786:31)\n    at Promise._settlePromise (https://giphy.com/__cypress/runner/cypress_runner.js:131843:18)\n    at Promise._settlePromise0 (https://giphy.com/__cypress/runner/cypress_runner.js:131888:10)\n    at Promise._settlePromises (https://giphy.com/__cypress/runner/cypress_runner.js:131963:18)\n    at Async._drainQueue (https://giphy.com/__cypress/runner/cypress_runner.js:128692:16)\n    at Async._drainQueues (https://giphy.com/__cypress/runner/cypress_runner.js:128702:10)\n    at Async.drainQueues (https://giphy.com/__cypress/runner/cypress_runner.js:128576:14)\n    at <anonymous>"
            },
            "isRoot": false,
            "uuid": "124d9549-7944-4350-aef5-ddc38052d539",
            "isHook": false,
            "skipped": false
          },
          {
            "title": "test upload Photo",
            "fullTitle": "automationtest GIPHY  test upload Photo",
            "duration": 64296,
            "state": "failed",
            "pass": false,
            "fail": true,
            "pending": false,
            "code": "//adfadsf\ncy.wait(3000);\nvar TestingUploadPhoto = new _UploadPhoto.default();\nTestingUploadPhoto.clickUpload();\ncy.wait(3000);\nTestingUploadPhoto.pastePhotoOnURL();\nTestingUploadPhoto.uploadInternetPhoto('https://media1.giphy.com/media/3o85xt08p2Y0hanhwQ/source.gif');\nTestingUploadPhoto.writeFQAOnAddTag('FQA test test');\nTestingUploadPhoto.clickUploadTOGIPHY();",
            "err": {
              "message": "CypressError: Timed out retrying: Expected to find element: '', but never found it.",
              "estack": "CypressError: Timed out retrying: Expected to find element: '', but never found it.\n    at Object.cypressErr (https://giphy.com/__cypress/runner/cypress_runner.js:84573:11)\n    at Object.throwErr (https://giphy.com/__cypress/runner/cypress_runner.js:84538:18)\n    at Object.throwErrByPath (https://giphy.com/__cypress/runner/cypress_runner.js:84565:17)\n    at retry (https://giphy.com/__cypress/runner/cypress_runner.js:77812:16)\n    at https://giphy.com/__cypress/runner/cypress_runner.js:69764:18\n    at tryCatcher (https://giphy.com/__cypress/runner/cypress_runner.js:133768:23)\n    at Promise._settlePromiseFromHandler (https://giphy.com/__cypress/runner/cypress_runner.js:131786:31)\n    at Promise._settlePromise (https://giphy.com/__cypress/runner/cypress_runner.js:131843:18)\n    at Promise._settlePromise0 (https://giphy.com/__cypress/runner/cypress_runner.js:131888:10)\n    at Promise._settlePromises (https://giphy.com/__cypress/runner/cypress_runner.js:131963:18)\n    at Async._drainQueue (https://giphy.com/__cypress/runner/cypress_runner.js:128692:16)\n    at Async._drainQueues (https://giphy.com/__cypress/runner/cypress_runner.js:128702:10)\n    at Async.drainQueues (https://giphy.com/__cypress/runner/cypress_runner.js:128576:14)\n    at <anonymous>"
            },
            "isRoot": false,
            "uuid": "7e82595b-8c66-4e66-8b35-ac1fea8d8f74",
            "isHook": false,
            "skipped": false
          },
          {
            "title": "sign out account",
            "fullTitle": "automationtest GIPHY  sign out account",
            "duration": 68689,
            "state": "passed",
            "speed": "slow",
            "pass": true,
            "fail": false,
            "pending": false,
            "code": "cy.wait(3000);\nvar FinalSignOut = new _SignOutPage.default();\nFinalSignOut.clickSignOut();",
            "err": {},
            "isRoot": false,
            "uuid": "05d24ad4-362f-4814-9172-8e6701930ae2",
            "isHook": false,
            "skipped": false
          }
        ],
        "suites": [],
        "passes": [
          "df181cdd-dfc0-4acf-9405-0356159b35b4",
          "05d24ad4-362f-4814-9172-8e6701930ae2"
        ],
        "failures": [
          "124d9549-7944-4350-aef5-ddc38052d539",
          "7e82595b-8c66-4e66-8b35-ac1fea8d8f74"
        ],
        "pending": [],
        "skipped": [],
        "duration": 259778,
        "root": false,
        "rootEmpty": false,
        "_timeout": 2000
      }
    ],
    "passes": [],
    "failures": [],
    "pending": [],
    "skipped": [],
    "duration": 0,
    "root": true,
    "rootEmpty": true,
    "_timeout": 2000
  },
  "copyrightYear": 2019
}