{
  "stats": {
    "suites": 1,
    "tests": 0,
    "passes": 0,
    "pending": 0,
    "failures": 0,
    "start": "2019-07-03T23:31:29.344Z",
    "end": "2019-07-03T23:32:32.818Z",
    "duration": 63474,
    "testsRegistered": 1,
    "passPercent": 0,
    "pendingPercent": 0,
    "other": 1,
    "hasOther": true,
    "skipped": 1,
    "hasSkipped": true,
    "passPercentClass": "danger",
    "pendingPercentClass": "danger"
  },
  "suites": {
    "uuid": "168176b4-c29a-4e58-a710-0d48af95edba",
    "title": "",
    "fullFile": "",
    "file": "",
    "beforeHooks": [],
    "afterHooks": [],
    "tests": [],
    "suites": [
      {
        "uuid": "43eb18d9-9be8-451e-b5b4-c529ec92f11a",
        "title": "automationtest create and cancel account GIPHY ",
        "fullFile": "",
        "file": "",
        "beforeHooks": [],
        "afterHooks": [],
        "tests": [
          {
            "title": "delete the account",
            "fullTitle": "automationtest create and cancel account GIPHY  delete the account",
            "duration": 63291,
            "state": "failed",
            "pass": false,
            "fail": true,
            "pending": false,
            "code": "var doCancelAccount = new _CancelAccount.default();\ndoCancelAccount.clickSettingsForDeleteAccount();\ndoCancelAccount.clickDeleteYourAccount();\ndoCancelAccount.rewritePasswordToDeleteAccount(Cypress.env(\"reTypePassword\"));\ndoCancelAccount.clickFinalDeleteAccount();",
            "err": {
              "message": "CypressError: Timed out retrying: Expected to find element: '', but never found it.\n\nBecause this error occurred during a 'before each' hook we are skipping the remaining tests in the current suite: 'automationtest create and c...'",
              "estack": "CypressError: Timed out retrying: Expected to find element: '', but never found it.\n\nBecause this error occurred during a 'before each' hook we are skipping the remaining tests in the current suite: 'automationtest create and c...'\n    at Object.cypressErr (https://giphy.com/__cypress/runner/cypress_runner.js:84573:11)\n    at Object.throwErr (https://giphy.com/__cypress/runner/cypress_runner.js:84538:18)\n    at Object.throwErrByPath (https://giphy.com/__cypress/runner/cypress_runner.js:84565:17)\n    at retry (https://giphy.com/__cypress/runner/cypress_runner.js:77812:16)\n    at https://giphy.com/__cypress/runner/cypress_runner.js:69764:18\n    at tryCatcher (https://giphy.com/__cypress/runner/cypress_runner.js:133768:23)\n    at Promise._settlePromiseFromHandler (https://giphy.com/__cypress/runner/cypress_runner.js:131786:31)\n    at Promise._settlePromise (https://giphy.com/__cypress/runner/cypress_runner.js:131843:18)\n    at Promise._settlePromise0 (https://giphy.com/__cypress/runner/cypress_runner.js:131888:10)\n    at Promise._settlePromises (https://giphy.com/__cypress/runner/cypress_runner.js:131963:18)\n    at Async._drainQueue (https://giphy.com/__cypress/runner/cypress_runner.js:128692:16)\n    at Async._drainQueues (https://giphy.com/__cypress/runner/cypress_runner.js:128702:10)\n    at Async.drainQueues (https://giphy.com/__cypress/runner/cypress_runner.js:128576:14)\n    at <anonymous>"
            },
            "isRoot": false,
            "uuid": "16d523b5-17d5-4152-914b-fbcbf82d4ad1",
            "isHook": false,
            "skipped": false
          }
        ],
        "suites": [],
        "passes": [],
        "failures": [
          "16d523b5-17d5-4152-914b-fbcbf82d4ad1"
        ],
        "pending": [],
        "skipped": [],
        "duration": 63291,
        "root": false,
        "rootEmpty": false,
        "_timeout": 2000
      }
    ],
    "passes": [],
    "failures": [],
    "pending": [],
    "skipped": [],
    "duration": 0,
    "root": true,
    "rootEmpty": true,
    "_timeout": 2000
  },
  "copyrightYear": 2019
}